<?xml version="1.0" encoding="UTF-8"?>
<!-- Generated by org.testng.reporters.JUnitReportReporter -->
<testsuite name="PageWithIphoneTest" tests="1" time="70.965" ignored="0" failures="0" timestamp="09 Aug 2017 11:18:57 GMT" skipped="0" hostname="DESKTOP-9SGU3RB" errors="0">
  <testcase name="openPage" time="70.965" classname="PageWithIphoneTest"/>
</testsuite> <!-- PageWithIphoneTest -->
